<?xml version="1.0" encoding="UTF-8"?>
<testsuites name="Mocha Tests" time="8.554" tests="2" failures="0">
  <testsuite name="Root Suite" timestamp="2023-03-05T16:35:36" tests="0" file="cypress\integration\Feature_file\flowShop.feature" time="0.000" failures="0">
  </testsuite>
  <testsuite name="login to Application" timestamp="2023-03-05T16:35:37" tests="2" time="8.532" failures="0">
    <testcase name="login to Application Valid login" time="3.213" classname="Valid login">
    </testcase>
    <testcase name="login to Application Add product to cart" time="5.224" classname="Add product to cart">
    </testcase>
  </testsuite>
</testsuites>